<?xml version="1.0" encoding="UTF-8"?>
<!-- Generated by org.testng.reporters.JUnitReportReporter -->
<testsuite hostname="banl07e80629d" name="com.citrix.gotowebinar.testcases.NewTest" tests="1" failures="0" timestamp="15 Oct 2015 14:04:40 GMT" time="0.010" errors="0">
  <testcase name="f" time="0.010" classname="com.citrix.gotowebinar.testcases.NewTest"/>
</testsuite> <!-- com.citrix.gotowebinar.testcases.NewTest -->
