<?xml version="1.0" encoding="UTF-8"?>
<!-- Generated by org.testng.reporters.JUnitReportReporter -->
<testsuite hostname="banl07e80629d" name="com.citrix.gotowebinar.testcases.ScheduleWebinar" tests="1" failures="0" timestamp="18 Oct 2015 06:30:25 GMT" time="35.012" errors="0">
  <testcase name="test" time="35.012" classname="com.citrix.gotowebinar.testcases.ScheduleWebinar"/>
</testsuite> <!-- com.citrix.gotowebinar.testcases.ScheduleWebinar -->
